
> skyward-ui-v2@0.1.0 build-storybook
> storybook build --output-dir=/var/folders/3d/5zsqjr_d7sgdcp_0t9zy9tqm0000gn/T/chromatic--99174-fPBx6t5PHDbZ

[1m@storybook/core v8.6.14
[22m
info => Cleaning outputDir: [36m../../../../var/folders/3d/5zsqjr_d7sgdcp_0t9zy9tqm0000gn/T/chromatic--99174-fPBx6t5PHDbZ[39m
info => Loading presets
info => Building manager..
info => Manager built ([38;2;181;126;229m74 ms[39m)
info => Building preview..
[36mvite v6.3.5 [32mbuilding for production...[36m[39m
transforming...
info => Copying static files: [36mpublic[39m at [36m../../../../var/folders/3d/5zsqjr_d7sgdcp_0t9zy9tqm0000gn/T/chromatic--99174-fPBx6t5PHDbZ[39m
[32m✓[39m 323 modules transformed.
rendering chunks...
[2m../../../../var/folders/3d/5zsqjr_d7sgdcp_0t9zy9tqm0000gn/T/chromatic--99174-fPBx6t5PHDbZ/[22m[32miframe.html                                         [39m[1m[2m 18.02 kB[22m[1m[22m
[2m../../../../var/folders/3d/5zsqjr_d7sgdcp_0t9zy9tqm0000gn/T/chromatic--99174-fPBx6t5PHDbZ/[22m[2massets/[22m[35mHeader-Ck-SSN7O.css                          [39m[1m[2m  0.51 kB[22m[1m[22m
[2m../../../../var/folders/3d/5zsqjr_d7sgdcp_0t9zy9tqm0000gn/T/chromatic--99174-fPBx6t5PHDbZ/[22m[2massets/[22m[35mButton-B2efaGtC.css                          [39m[1m[2m  0.52 kB[22m[1m[22m
[2m../../../../var/folders/3d/5zsqjr_d7sgdcp_0t9zy9tqm0000gn/T/chromatic--99174-fPBx6t5PHDbZ/[22m[2massets/[22m[35mPage-CeeQJVdd.css                            [39m[1m[2m  0.91 kB[22m[1m[22m
[2m../../../../var/folders/3d/5zsqjr_d7sgdcp_0t9zy9tqm0000gn/T/chromatic--99174-fPBx6t5PHDbZ/[22m[2massets/[22m[35mpreview-C5Z4eGrJ.css                         [39m[1m[2m  7.77 kB[22m[1m[22m
[2m../../../../var/folders/3d/5zsqjr_d7sgdcp_0t9zy9tqm0000gn/T/chromatic--99174-fPBx6t5PHDbZ/[22m[2massets/[22m[36mpreview-CVgpLj3b.js                          [39m[1m[2m  0.05 kB[22m[1m[22m
[2m../../../../var/folders/3d/5zsqjr_d7sgdcp_0t9zy9tqm0000gn/T/chromatic--99174-fPBx6t5PHDbZ/[22m[2massets/[22m[36mpreview-Dz__2TP5.js                          [39m[1m[2m  0.17 kB[22m[1m[22m
[2m../../../../var/folders/3d/5zsqjr_d7sgdcp_0t9zy9tqm0000gn/T/chromatic--99174-fPBx6t5PHDbZ/[22m[2massets/[22m[36mpreview-TqM3Oi8H.js                          [39m[1m[2m  0.17 kB[22m[1m[22m
[2m../../../../var/folders/3d/5zsqjr_d7sgdcp_0t9zy9tqm0000gn/T/chromatic--99174-fPBx6t5PHDbZ/[22m[2massets/[22m[36mindex-DOnvHyXA.js                            [39m[1m[2m  0.48 kB[22m[1m[22m
[2m../../../../var/folders/3d/5zsqjr_d7sgdcp_0t9zy9tqm0000gn/T/chromatic--99174-fPBx6t5PHDbZ/[22m[2massets/[22m[36mButton-BWKC1Dbp.js                           [39m[1m[2m  0.65 kB[22m[1m[22m
[2m../../../../var/folders/3d/5zsqjr_d7sgdcp_0t9zy9tqm0000gn/T/chromatic--99174-fPBx6t5PHDbZ/[22m[2massets/[22m[36mpreview-caVMbCIR.js                          [39m[1m[2m  0.69 kB[22m[1m[22m
[2m../../../../var/folders/3d/5zsqjr_d7sgdcp_0t9zy9tqm0000gn/T/chromatic--99174-fPBx6t5PHDbZ/[22m[2massets/[22m[36mHeader.stories-BGmL63oU.js                   [39m[1m[2m  0.76 kB[22m[1m[22m
[2m../../../../var/folders/3d/5zsqjr_d7sgdcp_0t9zy9tqm0000gn/T/chromatic--99174-fPBx6t5PHDbZ/[22m[2massets/[22m[36mindex-DrFu-skq.js                            [39m[1m[2m  0.77 kB[22m[1m[22m
[2m../../../../var/folders/3d/5zsqjr_d7sgdcp_0t9zy9tqm0000gn/T/chromatic--99174-fPBx6t5PHDbZ/[22m[2massets/[22m[36mreact-dom-test-utils.production-DGP8c6-z.js  [39m[1m[2m  1.04 kB[22m[1m[22m
[2m../../../../var/folders/3d/5zsqjr_d7sgdcp_0t9zy9tqm0000gn/T/chromatic--99174-fPBx6t5PHDbZ/[22m[2massets/[22m[36mHeader-BD8j8NG6.js                           [39m[1m[2m  1.08 kB[22m[1m[22m
[2m../../../../var/folders/3d/5zsqjr_d7sgdcp_0t9zy9tqm0000gn/T/chromatic--99174-fPBx6t5PHDbZ/[22m[2massets/[22m[36mButton.stories-CibxsH5-.js                   [39m[1m[2m  1.25 kB[22m[1m[22m
[2m../../../../var/folders/3d/5zsqjr_d7sgdcp_0t9zy9tqm0000gn/T/chromatic--99174-fPBx6t5PHDbZ/[22m[2massets/[22m[36mpreview-BVOGddRh.js                          [39m[1m[2m  1.51 kB[22m[1m[22m
[2m../../../../var/folders/3d/5zsqjr_d7sgdcp_0t9zy9tqm0000gn/T/chromatic--99174-fPBx6t5PHDbZ/[22m[2massets/[22m[36mpreview-WIE65ICp.js                          [39m[1m[2m  3.40 kB[22m[1m[22m
[2m../../../../var/folders/3d/5zsqjr_d7sgdcp_0t9zy9tqm0000gn/T/chromatic--99174-fPBx6t5PHDbZ/[22m[2massets/[22m[36mPage.stories-CV1Ee5zm.js                     [39m[1m[2m  3.41 kB[22m[1m[22m
[2m../../../../var/folders/3d/5zsqjr_d7sgdcp_0t9zy9tqm0000gn/T/chromatic--99174-fPBx6t5PHDbZ/[22m[2massets/[22m[36mindex-CSvcNf3u.js                            [39m[1m[2m  3.91 kB[22m[1m[22m
[2m../../../../var/folders/3d/5zsqjr_d7sgdcp_0t9zy9tqm0000gn/T/chromatic--99174-fPBx6t5PHDbZ/[22m[2massets/[22m[36mpreview-DGZ5Qq08.js                          [39m[1m[2m  4.87 kB[22m[1m[22m
[2m../../../../var/folders/3d/5zsqjr_d7sgdcp_0t9zy9tqm0000gn/T/chromatic--99174-fPBx6t5PHDbZ/[22m[2massets/[22m[36mpreview-BWzBA1C2.js                          [39m[1m[2m  7.62 kB[22m[1m[22m
[2m../../../../var/folders/3d/5zsqjr_d7sgdcp_0t9zy9tqm0000gn/T/chromatic--99174-fPBx6t5PHDbZ/[22m[2massets/[22m[36mindex-D8bsdc8T.js                            [39m[1m[2m  7.95 kB[22m[1m[22m
[2m../../../../var/folders/3d/5zsqjr_d7sgdcp_0t9zy9tqm0000gn/T/chromatic--99174-fPBx6t5PHDbZ/[22m[2massets/[22m[36mpreview-DTyQTpzx.js                          [39m[1m[2m  8.07 kB[22m[1m[22m
[2m../../../../var/folders/3d/5zsqjr_d7sgdcp_0t9zy9tqm0000gn/T/chromatic--99174-fPBx6t5PHDbZ/[22m[2massets/[22m[36mindex-COCPqm4F.js                            [39m[1m[2m  9.07 kB[22m[1m[22m
[2m../../../../var/folders/3d/5zsqjr_d7sgdcp_0t9zy9tqm0000gn/T/chromatic--99174-fPBx6t5PHDbZ/[22m[2massets/[22m[36mentry-preview-DPHOOBKP.js                    [39m[1m[2m 30.23 kB[22m[1m[22m
[2m../../../../var/folders/3d/5zsqjr_d7sgdcp_0t9zy9tqm0000gn/T/chromatic--99174-fPBx6t5PHDbZ/[22m[2massets/[22m[36mpreview-CHOxUko1.js                          [39m[1m[2m131.71 kB[22m[1m[22m
[2m../../../../var/folders/3d/5zsqjr_d7sgdcp_0t9zy9tqm0000gn/T/chromatic--99174-fPBx6t5PHDbZ/[22m[2massets/[22m[36mreact-18-DBB5mFiX.js                         [39m[1m[2m174.05 kB[22m[1m[22m
[2m../../../../var/folders/3d/5zsqjr_d7sgdcp_0t9zy9tqm0000gn/T/chromatic--99174-fPBx6t5PHDbZ/[22m[2massets/[22m[36miframe-B8DEFlAM.js                           [39m[1m[2m208.89 kB[22m[1m[22m
[2m../../../../var/folders/3d/5zsqjr_d7sgdcp_0t9zy9tqm0000gn/T/chromatic--99174-fPBx6t5PHDbZ/[22m[2massets/[22m[36mindex-C2ZNTWu_.js                            [39m[1m[33m659.60 kB[39m[22m
[32m✓ built in 1.56s[39m
info => Preview built ([38;2;181;126;229m1.88 s[39m)
info => Output directory: /var/folders/3d/5zsqjr_d7sgdcp_0t9zy9tqm0000gn/T/chromatic--99174-fPBx6t5PHDbZ
